#-----------------------------------------------------------
# Webtalk v2017.3 (64-bit)
# SW Build 2018833 on Wed Oct  4 19:58:22 MDT 2017
# 
# Start of session at: Sat Mar 10 13:06:11 2018
# Process ID: 10556
# Current directory: U:/180306_move_everything_from_pit9/180309_m3withupdatedInterrupt/180309_m3withupdatedInterrupt.sdk/webtalk
# Command line: wbtcv.exe -mode batch -source sdk_webtalk.tcl
# Log file: U:/180306_move_everything_from_pit9/180309_m3withupdatedInterrupt/180309_m3withupdatedInterrupt.sdk/webtalk/webtalk.log
# Journal file: U:/180306_move_everything_from_pit9/180309_m3withupdatedInterrupt/180309_m3withupdatedInterrupt.sdk/webtalk\webtalk.jou
#-----------------------------------------------------------
source sdk_webtalk.tcl
# webtalk_init -webtalk_dir U:\\180306_move_everything_from_pit9\\180309_m3withupdatedInterrupt\\180309_m3withupdatedInterrupt.sdk\\webtalk
# webtalk_register_client -client project
# webtalk_add_data -client project -key date_generated -value "2018-03-10 13:06:09" -context "software_version_and_target_device"
# webtalk_add_data -client project -key product_version -value "SDK v2017.3" -context "software_version_and_target_device"
# webtalk_add_data -client project -key build_version -value "2017.3" -context "software_version_and_target_device"
# webtalk_add_data -client project -key os_platform -value "amd64" -context "software_version_and_target_device"
# webtalk_add_data -client project -key registration_id -value "174126375_1777515234_210673548_246" -context "software_version_and_target_device"
# webtalk_add_data -client project -key tool_flow -value "SDK" -context "software_version_and_target_device"
# webtalk_add_data -client project -key beta -value "false" -context "software_version_and_target_device"
# webtalk_add_data -client project -key route_design -value "NA" -context "software_version_and_target_device"
# webtalk_add_data -client project -key target_family -value "NA" -context "software_version_and_target_device"
# webtalk_add_data -client project -key target_device -value "NA" -context "software_version_and_target_device"
# webtalk_add_data -client project -key target_package -value "NA" -context "software_version_and_target_device"
# webtalk_add_data -client project -key target_speed -value "NA" -context "software_version_and_target_device"
# webtalk_add_data -client project -key random_id -value "47tfimrla2ace3tcb7vbj1ekoq" -context "software_version_and_target_device"
# webtalk_add_data -client project -key project_id -value "2017.3_13" -context "software_version_and_target_device"
# webtalk_add_data -client project -key project_iteration -value "13" -context "software_version_and_target_device"
# webtalk_add_data -client project -key os_name -value "Microsoft Windows 8 or later , 64-bit" -context "user_environment"
# webtalk_add_data -client project -key os_release -value "major release  (build 9200)" -context "user_environment"
# webtalk_add_data -client project -key cpu_name -value "Intel(R) Core(TM) i7-4770S CPU @ 3.10GHz" -context "user_environment"
# webtalk_add_data -client project -key cpu_speed -value "3093 MHz" -context "user_environment"
# webtalk_add_data -client project -key total_processors -value "1" -context "user_environment"
# webtalk_add_data -client project -key system_ram -value "17.084 GB" -context "user_environment"
# webtalk_register_client -client sdk
# webtalk_add_data -client sdk -key uid -value "1520714659087" -context "sdk\\\\bsp/1520714659087"
# webtalk_add_data -client sdk -key hwid -value "1520712138662" -context "sdk\\\\bsp/1520714659087"
# webtalk_add_data -client sdk -key os -value "standalone" -context "sdk\\\\bsp/1520714659087"
# webtalk_add_data -client sdk -key apptemplate -value "hello_world" -context "sdk\\\\bsp/1520714659087"
# webtalk_add_data -client sdk -key RecordType -value "BSPCreation" -context "sdk\\\\bsp/1520714659087"
# webtalk_add_data -client sdk -key uid -value "1520714701677" -context "sdk\\\\application/1520714701677"
# webtalk_add_data -client sdk -key hwid -value "1520712138662" -context "sdk\\\\application/1520714701677"
# webtalk_add_data -client sdk -key bspid -value "1520714659087" -context "sdk\\\\application/1520714701677"
# webtalk_add_data -client sdk -key newbsp -value "true" -context "sdk\\\\application/1520714701677"
# webtalk_add_data -client sdk -key os -value "standalone" -context "sdk\\\\application/1520714701677"
# webtalk_add_data -client sdk -key apptemplate -value "hello_world" -context "sdk\\\\application/1520714701677"
# webtalk_add_data -client sdk -key RecordType -value "APPCreation" -context "sdk\\\\application/1520714701677"
# webtalk_add_data -client sdk -key LangUsed -value "C" -context "sdk\\\\application/1520714701677"
# webtalk_add_data -client sdk -key Procused -value "ps7_cortexa9" -context "sdk\\\\application/1520714701677"
# webtalk_add_data -client sdk -key projSize -value "265.4375" -context "sdk\\\\application/1520714701677"
# webtalk_add_data -client sdk -key uid -value "NA" -context "sdk\\\\bsp/1520715969678"
# webtalk_add_data -client sdk -key RecordType -value "ToolUsage" -context "sdk\\\\bsp/1520715969678"
# webtalk_add_data -client sdk -key BootgenCount -value "0" -context "sdk\\\\bsp/1520715969678"
# webtalk_add_data -client sdk -key DebugCount -value "0" -context "sdk\\\\bsp/1520715969678"
# webtalk_add_data -client sdk -key PerfCount -value "0" -context "sdk\\\\bsp/1520715969678"
# webtalk_add_data -client sdk -key FlashCount -value "0" -context "sdk\\\\bsp/1520715969678"
# webtalk_add_data -client sdk -key CrossTriggCount -value "0" -context "sdk\\\\bsp/1520715969678"
# webtalk_add_data -client sdk -key QemuDebugCount -value "0" -context "sdk\\\\bsp/1520715969678"
# webtalk_transmit -clientid 826156751 -regid "174126375_1777515234_210673548_246" -xml U:\\180306_move_everything_from_pit9\\180309_m3withupdatedInterrupt\\180309_m3withupdatedInterrupt.sdk\\webtalk\\usage_statistics_ext_sdk.xml -html U:\\180306_move_everything_from_pit9\\180309_m3withupdatedInterrupt\\180309_m3withupdatedInterrupt.sdk\\webtalk\\usage_statistics_ext_sdk.html -wdm U:\\180306_move_everything_from_pit9\\180309_m3withupdatedInterrupt\\180309_m3withupdatedInterrupt.sdk\\webtalk\\sdk_webtalk.wdm -intro "<H3>SDK Usage Report</H3><BR>"
# webtalk_terminate
INFO: [Common 17-206] Exiting Webtalk at Sat Mar 10 13:06:15 2018...
