
*** Running vivado
    with args -log dma_design_1_axi_gpio_3_0.vds -m64 -product Vivado -mode batch -messageDb vivado.pb -notrace -source dma_design_1_axi_gpio_3_0.tcl


****** Vivado v2017.3 (64-bit)
  **** SW Build 2018833 on Wed Oct  4 19:58:22 MDT 2017
  **** IP Build 2016188 on Wed Oct  4 21:52:56 MDT 2017
    ** Copyright 1986-2017 Xilinx, Inc. All Rights Reserved.

source dma_design_1_axi_gpio_3_0.tcl -notrace
Starting RTL Elaboration : Time (s): cpu = 00:00:05 ; elapsed = 00:00:05 . Memory (MB): peak = 411.133 ; gain = 96.273
INFO: [Synth 8-638] synthesizing module 'dma_design_1_axi_gpio_3_0' [c:/Users/rswang/Desktop/180309_m3withupdatedInterrupt/180309_m3withupdatedInterrupt.srcs/sources_1/bd/dma_design_1/ip/dma_design_1_axi_gpio_3_0/synth/dma_design_1_axi_gpio_3_0.vhd:84]
INFO: [Synth 8-638] synthesizing module 'axi_gpio' [c:/Users/rswang/Desktop/180309_m3withupdatedInterrupt/180309_m3withupdatedInterrupt.srcs/sources_1/bd/dma_design_1/ipshared/e9c1/hdl/axi_gpio_v2_0_vh_rfs.vhd:1358]
INFO: [Synth 8-638] synthesizing module 'axi_lite_ipif' [c:/Users/rswang/Desktop/180309_m3withupdatedInterrupt/180309_m3withupdatedInterrupt.srcs/sources_1/bd/dma_design_1/ipshared/cced/hdl/axi_lite_ipif_v3_0_vh_rfs.vhd:2948]
INFO: [Synth 8-638] synthesizing module 'slave_attachment' [c:/Users/rswang/Desktop/180309_m3withupdatedInterrupt/180309_m3withupdatedInterrupt.srcs/sources_1/bd/dma_design_1/ipshared/cced/hdl/axi_lite_ipif_v3_0_vh_rfs.vhd:2341]
INFO: [Synth 8-638] synthesizing module 'address_decoder' [c:/Users/rswang/Desktop/180309_m3withupdatedInterrupt/180309_m3withupdatedInterrupt.srcs/sources_1/bd/dma_design_1/ipshared/cced/hdl/axi_lite_ipif_v3_0_vh_rfs.vhd:1775]
INFO: [Synth 8-638] synthesizing module 'pselect_f' [c:/Users/rswang/Desktop/180309_m3withupdatedInterrupt/180309_m3withupdatedInterrupt.srcs/sources_1/bd/dma_design_1/ipshared/cced/hdl/axi_lite_ipif_v3_0_vh_rfs.vhd:1534]
INFO: [Synth 8-256] done synthesizing module 'pselect_f' (1#1) [c:/Users/rswang/Desktop/180309_m3withupdatedInterrupt/180309_m3withupdatedInterrupt.srcs/sources_1/bd/dma_design_1/ipshared/cced/hdl/axi_lite_ipif_v3_0_vh_rfs.vhd:1534]
INFO: [Synth 8-638] synthesizing module 'pselect_f__parameterized0' [c:/Users/rswang/Desktop/180309_m3withupdatedInterrupt/180309_m3withupdatedInterrupt.srcs/sources_1/bd/dma_design_1/ipshared/cced/hdl/axi_lite_ipif_v3_0_vh_rfs.vhd:1534]
INFO: [Synth 8-256] done synthesizing module 'pselect_f__parameterized0' (1#1) [c:/Users/rswang/Desktop/180309_m3withupdatedInterrupt/180309_m3withupdatedInterrupt.srcs/sources_1/bd/dma_design_1/ipshared/cced/hdl/axi_lite_ipif_v3_0_vh_rfs.vhd:1534]
INFO: [Synth 8-638] synthesizing module 'pselect_f__parameterized1' [c:/Users/rswang/Desktop/180309_m3withupdatedInterrupt/180309_m3withupdatedInterrupt.srcs/sources_1/bd/dma_design_1/ipshared/cced/hdl/axi_lite_ipif_v3_0_vh_rfs.vhd:1534]
INFO: [Synth 8-256] done synthesizing module 'pselect_f__parameterized1' (1#1) [c:/Users/rswang/Desktop/180309_m3withupdatedInterrupt/180309_m3withupdatedInterrupt.srcs/sources_1/bd/dma_design_1/ipshared/cced/hdl/axi_lite_ipif_v3_0_vh_rfs.vhd:1534]
INFO: [Synth 8-638] synthesizing module 'pselect_f__parameterized2' [c:/Users/rswang/Desktop/180309_m3withupdatedInterrupt/180309_m3withupdatedInterrupt.srcs/sources_1/bd/dma_design_1/ipshared/cced/hdl/axi_lite_ipif_v3_0_vh_rfs.vhd:1534]
INFO: [Synth 8-256] done synthesizing module 'pselect_f__parameterized2' (1#1) [c:/Users/rswang/Desktop/180309_m3withupdatedInterrupt/180309_m3withupdatedInterrupt.srcs/sources_1/bd/dma_design_1/ipshared/cced/hdl/axi_lite_ipif_v3_0_vh_rfs.vhd:1534]
INFO: [Synth 8-256] done synthesizing module 'address_decoder' (2#1) [c:/Users/rswang/Desktop/180309_m3withupdatedInterrupt/180309_m3withupdatedInterrupt.srcs/sources_1/bd/dma_design_1/ipshared/cced/hdl/axi_lite_ipif_v3_0_vh_rfs.vhd:1775]
INFO: [Synth 8-256] done synthesizing module 'slave_attachment' (3#1) [c:/Users/rswang/Desktop/180309_m3withupdatedInterrupt/180309_m3withupdatedInterrupt.srcs/sources_1/bd/dma_design_1/ipshared/cced/hdl/axi_lite_ipif_v3_0_vh_rfs.vhd:2341]
INFO: [Synth 8-256] done synthesizing module 'axi_lite_ipif' (4#1) [c:/Users/rswang/Desktop/180309_m3withupdatedInterrupt/180309_m3withupdatedInterrupt.srcs/sources_1/bd/dma_design_1/ipshared/cced/hdl/axi_lite_ipif_v3_0_vh_rfs.vhd:2948]
INFO: [Synth 8-638] synthesizing module 'GPIO_Core' [c:/Users/rswang/Desktop/180309_m3withupdatedInterrupt/180309_m3withupdatedInterrupt.srcs/sources_1/bd/dma_design_1/ipshared/e9c1/hdl/axi_gpio_v2_0_vh_rfs.vhd:178]
INFO: [Synth 8-638] synthesizing module 'cdc_sync' [c:/Users/rswang/Desktop/180309_m3withupdatedInterrupt/180309_m3withupdatedInterrupt.srcs/sources_1/bd/dma_design_1/ipshared/ef1e/hdl/lib_cdc_v1_0_rfs.vhd:106]
INFO: [Synth 8-256] done synthesizing module 'cdc_sync' (5#1) [c:/Users/rswang/Desktop/180309_m3withupdatedInterrupt/180309_m3withupdatedInterrupt.srcs/sources_1/bd/dma_design_1/ipshared/ef1e/hdl/lib_cdc_v1_0_rfs.vhd:106]
INFO: [Synth 8-256] done synthesizing module 'GPIO_Core' (6#1) [c:/Users/rswang/Desktop/180309_m3withupdatedInterrupt/180309_m3withupdatedInterrupt.srcs/sources_1/bd/dma_design_1/ipshared/e9c1/hdl/axi_gpio_v2_0_vh_rfs.vhd:178]
INFO: [Synth 8-256] done synthesizing module 'axi_gpio' (7#1) [c:/Users/rswang/Desktop/180309_m3withupdatedInterrupt/180309_m3withupdatedInterrupt.srcs/sources_1/bd/dma_design_1/ipshared/e9c1/hdl/axi_gpio_v2_0_vh_rfs.vhd:1358]
INFO: [Synth 8-256] done synthesizing module 'dma_design_1_axi_gpio_3_0' (8#1) [c:/Users/rswang/Desktop/180309_m3withupdatedInterrupt/180309_m3withupdatedInterrupt.srcs/sources_1/bd/dma_design_1/ip/dma_design_1_axi_gpio_3_0/synth/dma_design_1_axi_gpio_3_0.vhd:84]
Finished RTL Elaboration : Time (s): cpu = 00:00:06 ; elapsed = 00:00:06 . Memory (MB): peak = 455.219 ; gain = 140.359
Finished RTL Optimization Phase 1 : Time (s): cpu = 00:00:06 ; elapsed = 00:00:06 . Memory (MB): peak = 455.219 ; gain = 140.359
INFO: [Device 21-403] Loading part xc7z020clg484-1
Constraint Validation Runtime : Time (s): cpu = 00:00:00 ; elapsed = 00:00:00.022 . Memory (MB): peak = 787.688 ; gain = 0.000
Finished Constraint Validation : Time (s): cpu = 00:00:16 ; elapsed = 00:00:17 . Memory (MB): peak = 787.688 ; gain = 472.828
Finished Loading Part and Timing Information : Time (s): cpu = 00:00:16 ; elapsed = 00:00:17 . Memory (MB): peak = 787.688 ; gain = 472.828
Finished applying 'set_property' XDC Constraints : Time (s): cpu = 00:00:16 ; elapsed = 00:00:17 . Memory (MB): peak = 787.688 ; gain = 472.828
Finished RTL Optimization Phase 2 : Time (s): cpu = 00:00:16 ; elapsed = 00:00:17 . Memory (MB): peak = 787.688 ; gain = 472.828
Finished Cross Boundary and Area Optimization : Time (s): cpu = 00:00:17 ; elapsed = 00:00:18 . Memory (MB): peak = 787.688 ; gain = 472.828
Finished Applying XDC Timing Constraints : Time (s): cpu = 00:00:26 ; elapsed = 00:00:27 . Memory (MB): peak = 787.688 ; gain = 472.828
Finished Timing Optimization : Time (s): cpu = 00:00:26 ; elapsed = 00:00:27 . Memory (MB): peak = 787.688 ; gain = 472.828
Finished Technology Mapping : Time (s): cpu = 00:00:26 ; elapsed = 00:00:27 . Memory (MB): peak = 787.688 ; gain = 472.828
Finished IO Insertion : Time (s): cpu = 00:00:27 ; elapsed = 00:00:28 . Memory (MB): peak = 787.688 ; gain = 472.828
Finished Renaming Generated Instances : Time (s): cpu = 00:00:27 ; elapsed = 00:00:28 . Memory (MB): peak = 787.688 ; gain = 472.828
Finished Rebuilding User Hierarchy : Time (s): cpu = 00:00:27 ; elapsed = 00:00:28 . Memory (MB): peak = 787.688 ; gain = 472.828
Finished Renaming Generated Ports : Time (s): cpu = 00:00:27 ; elapsed = 00:00:28 . Memory (MB): peak = 787.688 ; gain = 472.828
Finished Handling Custom Attributes : Time (s): cpu = 00:00:27 ; elapsed = 00:00:28 . Memory (MB): peak = 787.688 ; gain = 472.828
Finished Renaming Generated Nets : Time (s): cpu = 00:00:27 ; elapsed = 00:00:28 . Memory (MB): peak = 787.688 ; gain = 472.828

Report Cell Usage: 
+------+-----+------+
|      |Cell |Count |
+------+-----+------+
|1     |LUT1 |     2|
|2     |LUT2 |     9|
|3     |LUT3 |     8|
|4     |LUT4 |    11|
|5     |LUT5 |    11|
|6     |LUT6 |    12|
|7     |FDRE |    60|
|8     |FDSE |     8|
+------+-----+------+
Finished Writing Synthesis Report : Time (s): cpu = 00:00:27 ; elapsed = 00:00:28 . Memory (MB): peak = 787.688 ; gain = 472.828
synth_design: Time (s): cpu = 00:00:29 ; elapsed = 00:00:29 . Memory (MB): peak = 787.688 ; gain = 484.230
